{"D:\\şirket\\e-commerce-web\\src\\components\\product\\ProductCard.tsx": {"path":"D:\\şirket\\e-commerce-web\\src\\components\\product\\ProductCard.tsx","statementMap":{"0":{"start":{"line":16,"column":13},"end":{"line":261,"column":null}},"1":{"start":{"line":17,"column":12},"end":{"line":17,"column":null}},"2":{"start":{"line":18,"column":36},"end":{"line":18,"column":null}},"3":{"start":{"line":19,"column":34},"end":{"line":19,"column":null}},"4":{"start":{"line":20,"column":8},"end":{"line":20,"column":null}},"5":{"start":{"line":20,"column":50},"end":{"line":20,"column":78}},"6":{"start":{"line":21,"column":8},"end":{"line":21,"column":null}},"7":{"start":{"line":21,"column":54},"end":{"line":21,"column":74}},"8":{"start":{"line":22,"column":8},"end":{"line":22,"column":null}},"9":{"start":{"line":22,"column":42},"end":{"line":22,"column":55}},"10":{"start":{"line":25,"column":8},"end":{"line":25,"column":null}},"11":{"start":{"line":26,"column":8},"end":{"line":26,"column":null}},"12":{"start":{"line":27,"column":8},"end":{"line":27,"column":null}},"13":{"start":{"line":28,"column":8},"end":{"line":28,"column":null}},"14":{"start":{"line":30,"column":26},"end":{"line":39,"column":null}},"15":{"start":{"line":31,"column":4},"end":{"line":31,"column":null}},"16":{"start":{"line":31,"column":21},"end":{"line":31,"column":null}},"17":{"start":{"line":32,"column":17},"end":{"line":32,"column":null}},"18":{"start":{"line":33,"column":20},"end":{"line":33,"column":null}},"19":{"start":{"line":34,"column":20},"end":{"line":34,"column":null}},"20":{"start":{"line":35,"column":10},"end":{"line":35,"column":null}},"21":{"start":{"line":36,"column":10},"end":{"line":36,"column":null}},"22":{"start":{"line":37,"column":4},"end":{"line":37,"column":null}},"23":{"start":{"line":38,"column":4},"end":{"line":38,"column":null}},"24":{"start":{"line":41,"column":27},"end":{"line":45,"column":null}},"25":{"start":{"line":42,"column":4},"end":{"line":42,"column":null}},"26":{"start":{"line":43,"column":4},"end":{"line":43,"column":null}},"27":{"start":{"line":44,"column":4},"end":{"line":44,"column":null}},"28":{"start":{"line":47,"column":26},"end":{"line":70,"column":null}},"29":{"start":{"line":49,"column":4},"end":{"line":52,"column":null}},"30":{"start":{"line":50,"column":6},"end":{"line":50,"column":null}},"31":{"start":{"line":51,"column":6},"end":{"line":51,"column":null}},"32":{"start":{"line":54,"column":10},"end":{"line":54,"column":null}},"33":{"start":{"line":55,"column":10},"end":{"line":55,"column":null}},"34":{"start":{"line":56,"column":10},"end":{"line":56,"column":null}},"35":{"start":{"line":58,"column":4},"end":{"line":69,"column":null}},"36":{"start":{"line":59,"column":6},"end":{"line":64,"column":null}},"37":{"start":{"line":65,"column":6},"end":{"line":65,"column":null}},"38":{"start":{"line":67,"column":6},"end":{"line":67,"column":null}},"39":{"start":{"line":68,"column":6},"end":{"line":68,"column":null}},"40":{"start":{"line":72,"column":31},"end":{"line":75,"column":null}},"41":{"start":{"line":73,"column":4},"end":{"line":73,"column":null}},"42":{"start":{"line":74,"column":4},"end":{"line":74,"column":null}},"43":{"start":{"line":77,"column":8},"end":{"line":77,"column":null}},"44":{"start":{"line":80,"column":21},"end":{"line":80,"column":null}},"45":{"start":{"line":81,"column":22},"end":{"line":81,"column":null}},"46":{"start":{"line":83,"column":2},"end":{"line":259,"column":null}},"47":{"start":{"line":90,"column":26},"end":{"line":90,"column":null}},"48":{"start":{"line":113,"column":28},"end":{"line":113,"column":null}},"49":{"start":{"line":120,"column":32},"end":{"line":120,"column":null}},"50":{"start":{"line":121,"column":18},"end":{"line":145,"column":null}},"51":{"start":{"line":215,"column":14},"end":{"line":217,"column":null}}},"fnMap":{"0":{"name":"ProductCard2","decl":{"start":{"line":16,"column":41},"end":{"line":16,"column":53}},"loc":{"start":{"line":16,"column":84},"end":{"line":261,"column":1}},"line":16},"1":{"name":"(anonymous_1)","decl":{"start":{"line":20,"column":39},"end":{"line":20,"column":40}},"loc":{"start":{"line":20,"column":50},"end":{"line":20,"column":78}},"line":20},"2":{"name":"(anonymous_2)","decl":{"start":{"line":21,"column":43},"end":{"line":21,"column":44}},"loc":{"start":{"line":21,"column":54},"end":{"line":21,"column":74}},"line":21},"3":{"name":"(anonymous_3)","decl":{"start":{"line":22,"column":31},"end":{"line":22,"column":32}},"loc":{"start":{"line":22,"column":42},"end":{"line":22,"column":55}},"line":22},"4":{"name":"(anonymous_4)","decl":{"start":{"line":30,"column":26},"end":{"line":30,"column":27}},"loc":{"start":{"line":30,"column":67},"end":{"line":39,"column":null}},"line":30},"5":{"name":"(anonymous_5)","decl":{"start":{"line":41,"column":27},"end":{"line":41,"column":33}},"loc":{"start":{"line":41,"column":33},"end":{"line":45,"column":null}},"line":41},"6":{"name":"(anonymous_6)","decl":{"start":{"line":47,"column":26},"end":{"line":47,"column":32}},"loc":{"start":{"line":47,"column":32},"end":{"line":70,"column":null}},"line":47},"7":{"name":"(anonymous_7)","decl":{"start":{"line":72,"column":31},"end":{"line":72,"column":37}},"loc":{"start":{"line":72,"column":37},"end":{"line":75,"column":null}},"line":72},"8":{"name":"(anonymous_8)","decl":{"start":{"line":90,"column":20},"end":{"line":90,"column":26}},"loc":{"start":{"line":90,"column":26},"end":{"line":90,"column":null}},"line":90},"9":{"name":"(anonymous_9)","decl":{"start":{"line":113,"column":22},"end":{"line":113,"column":28}},"loc":{"start":{"line":113,"column":28},"end":{"line":113,"column":null}},"line":113},"10":{"name":"(anonymous_10)","decl":{"start":{"line":119,"column":36},"end":{"line":119,"column":37}},"loc":{"start":{"line":119,"column":47},"end":{"line":147,"column":17}},"line":119},"11":{"name":"(anonymous_11)","decl":{"start":{"line":214,"column":31},"end":{"line":214,"column":32}},"loc":{"start":{"line":215,"column":14},"end":{"line":217,"column":null}},"line":215}},"branchMap":{"0":{"loc":{"start":{"line":31,"column":4},"end":{"line":31,"column":null}},"type":"if","locations":[{"start":{"line":31,"column":4},"end":{"line":31,"column":null}},{"start":{},"end":{}}],"line":31},"1":{"loc":{"start":{"line":49,"column":4},"end":{"line":52,"column":null}},"type":"if","locations":[{"start":{"line":49,"column":4},"end":{"line":52,"column":null}},{"start":{},"end":{}}],"line":49},"2":{"loc":{"start":{"line":74,"column":18},"end":{"line":74,"column":78}},"type":"cond-expr","locations":[{"start":{"line":74,"column":31},"end":{"line":74,"column":58}},{"start":{"line":74,"column":58},"end":{"line":74,"column":78}}],"line":74},"3":{"loc":{"start":{"line":104,"column":13},"end":{"line":105,"column":null}},"type":"binary-expr","locations":[{"start":{"line":104,"column":13},"end":{"line":104,"column":null}},{"start":{"line":105,"column":14},"end":{"line":105,"column":null}}],"line":104},"4":{"loc":{"start":{"line":111,"column":16},"end":{"line":111,"column":null}},"type":"cond-expr","locations":[{"start":{"line":111,"column":30},"end":{"line":111,"column":46}},{"start":{"line":111,"column":46},"end":{"line":111,"column":null}}],"line":111},"5":{"loc":{"start":{"line":117,"column":13},"end":{"line":148,"column":null}},"type":"binary-expr","locations":[{"start":{"line":117,"column":13},"end":{"line":117,"column":31}},{"start":{"line":117,"column":31},"end":{"line":117,"column":null}},{"start":{"line":118,"column":14},"end":{"line":148,"column":null}}],"line":117},"6":{"loc":{"start":{"line":120,"column":32},"end":{"line":120,"column":null}},"type":"binary-expr","locations":[{"start":{"line":120,"column":32},"end":{"line":120,"column":46}},{"start":{"line":120,"column":46},"end":{"line":120,"column":null}}],"line":120},"7":{"loc":{"start":{"line":126,"column":24},"end":{"line":131,"column":null}},"type":"cond-expr","locations":[{"start":{"line":127,"column":28},"end":{"line":130,"column":null}},{"start":{"line":131,"column":28},"end":{"line":131,"column":null}}],"line":126},"8":{"loc":{"start":{"line":134,"column":24},"end":{"line":140,"column":null}},"type":"cond-expr","locations":[{"start":{"line":135,"column":28},"end":{"line":139,"column":null}},{"start":{"line":140,"column":28},"end":{"line":140,"column":null}}],"line":134},"9":{"loc":{"start":{"line":150,"column":13},"end":{"line":178,"column":null}},"type":"binary-expr","locations":[{"start":{"line":150,"column":13},"end":{"line":150,"column":null}},{"start":{"line":151,"column":14},"end":{"line":178,"column":null}}],"line":150},"10":{"loc":{"start":{"line":154,"column":18},"end":{"line":164,"column":null}},"type":"cond-expr","locations":[{"start":{"line":155,"column":22},"end":{"line":163,"column":null}},{"start":{"line":164,"column":22},"end":{"line":164,"column":null}}],"line":154},"11":{"loc":{"start":{"line":167,"column":18},"end":{"line":173,"column":null}},"type":"cond-expr","locations":[{"start":{"line":168,"column":22},"end":{"line":172,"column":null}},{"start":{"line":173,"column":22},"end":{"line":173,"column":null}}],"line":167},"12":{"loc":{"start":{"line":190,"column":24},"end":{"line":190,"column":null}},"type":"cond-expr","locations":[{"start":{"line":190,"column":37},"end":{"line":190,"column":63}},{"start":{"line":190,"column":63},"end":{"line":190,"column":null}}],"line":190},"13":{"loc":{"start":{"line":199,"column":38},"end":{"line":199,"column":91}},"type":"cond-expr","locations":[{"start":{"line":199,"column":51},"end":{"line":199,"column":89}},{"start":{"line":199,"column":89},"end":{"line":199,"column":91}}],"line":199},"14":{"loc":{"start":{"line":193,"column":19},"end":{"line":193,"column":null}},"type":"cond-expr","locations":[{"start":{"line":193,"column":32},"end":{"line":193,"column":45}},{"start":{"line":193,"column":45},"end":{"line":193,"column":null}}],"line":193},"15":{"loc":{"start":{"line":216,"column":17},"end":{"line":216,"column":null}},"type":"cond-expr","locations":[{"start":{"line":216,"column":50},"end":{"line":216,"column":56}},{"start":{"line":216,"column":56},"end":{"line":216,"column":null}}],"line":216},"16":{"loc":{"start":{"line":232,"column":15},"end":{"line":233,"column":null}},"type":"binary-expr","locations":[{"start":{"line":232,"column":15},"end":{"line":232,"column":null}},{"start":{"line":233,"column":16},"end":{"line":233,"column":null}}],"line":232},"17":{"loc":{"start":{"line":251,"column":14},"end":{"line":251,"column":null}},"type":"cond-expr","locations":[{"start":{"line":251,"column":58},"end":{"line":251,"column":83}},{"start":{"line":251,"column":83},"end":{"line":251,"column":null}}],"line":251}},"s":{"0":1,"1":4,"2":4,"3":4,"4":4,"5":12,"6":4,"7":12,"8":4,"9":12,"10":4,"11":4,"12":4,"13":4,"14":4,"15":0,"16":0,"17":0,"18":0,"19":0,"20":0,"21":0,"22":0,"23":0,"24":4,"25":0,"26":0,"27":0,"28":4,"29":0,"30":0,"31":0,"32":0,"33":0,"34":0,"35":0,"36":0,"37":0,"38":0,"39":0,"40":4,"41":0,"42":0,"43":4,"44":4,"45":4,"46":4,"47":0,"48":0,"49":4,"50":4,"51":20},"f":{"0":4,"1":12,"2":12,"3":12,"4":0,"5":0,"6":0,"7":0,"8":0,"9":0,"10":4,"11":20},"b":{"0":[0,0],"1":[0,0],"2":[0,0],"3":[4,4],"4":[0,4],"5":[4,4,4],"6":[4,4],"7":[4,0],"8":[4,0],"9":[4,4],"10":[0,4],"11":[0,4],"12":[0,4],"13":[0,4],"14":[0,4],"15":[16,4],"16":[4,4],"17":[4,0]},"meta":{"lastBranch":18,"lastFunction":12,"lastStatement":52,"seen":{"s:16:13:261:Infinity":0,"f:16:41:16:53":0,"s:17:12:17:Infinity":1,"s:18:36:18:Infinity":2,"s:19:34:19:Infinity":3,"s:20:8:20:Infinity":4,"f:20:39:20:40":1,"s:20:50:20:78":5,"s:21:8:21:Infinity":6,"f:21:43:21:44":2,"s:21:54:21:74":7,"s:22:8:22:Infinity":8,"f:22:31:22:32":3,"s:22:42:22:55":9,"s:25:8:25:Infinity":10,"s:26:8:26:Infinity":11,"s:27:8:27:Infinity":12,"s:28:8:28:Infinity":13,"s:30:26:39:Infinity":14,"f:30:26:30:27":4,"b:31:4:31:Infinity:undefined:undefined:undefined:undefined":0,"s:31:4:31:Infinity":15,"s:31:21:31:Infinity":16,"s:32:17:32:Infinity":17,"s:33:20:33:Infinity":18,"s:34:20:34:Infinity":19,"s:35:10:35:Infinity":20,"s:36:10:36:Infinity":21,"s:37:4:37:Infinity":22,"s:38:4:38:Infinity":23,"s:41:27:45:Infinity":24,"f:41:27:41:33":5,"s:42:4:42:Infinity":25,"s:43:4:43:Infinity":26,"s:44:4:44:Infinity":27,"s:47:26:70:Infinity":28,"f:47:26:47:32":6,"b:49:4:52:Infinity:undefined:undefined:undefined:undefined":1,"s:49:4:52:Infinity":29,"s:50:6:50:Infinity":30,"s:51:6:51:Infinity":31,"s:54:10:54:Infinity":32,"s:55:10:55:Infinity":33,"s:56:10:56:Infinity":34,"s:58:4:69:Infinity":35,"s:59:6:64:Infinity":36,"s:65:6:65:Infinity":37,"s:67:6:67:Infinity":38,"s:68:6:68:Infinity":39,"s:72:31:75:Infinity":40,"f:72:31:72:37":7,"s:73:4:73:Infinity":41,"s:74:4:74:Infinity":42,"b:74:31:74:58:74:58:74:78":2,"s:77:8:77:Infinity":43,"s:80:21:80:Infinity":44,"s:81:22:81:Infinity":45,"s:83:2:259:Infinity":46,"f:90:20:90:26":8,"s:90:26:90:Infinity":47,"b:104:13:104:Infinity:105:14:105:Infinity":3,"b:111:30:111:46:111:46:111:Infinity":4,"f:113:22:113:28":9,"s:113:28:113:Infinity":48,"b:117:13:117:31:117:31:117:Infinity:118:14:148:Infinity":5,"f:119:36:119:37":10,"s:120:32:120:Infinity":49,"b:120:32:120:46:120:46:120:Infinity":6,"s:121:18:145:Infinity":50,"b:127:28:130:Infinity:131:28:131:Infinity":7,"b:135:28:139:Infinity:140:28:140:Infinity":8,"b:150:13:150:Infinity:151:14:178:Infinity":9,"b:155:22:163:Infinity:164:22:164:Infinity":10,"b:168:22:172:Infinity:173:22:173:Infinity":11,"b:190:37:190:63:190:63:190:Infinity":12,"b:199:51:199:89:199:89:199:91":13,"b:193:32:193:45:193:45:193:Infinity":14,"f:214:31:214:32":11,"s:215:14:217:Infinity":51,"b:216:50:216:56:216:56:216:Infinity":15,"b:232:15:232:Infinity:233:16:233:Infinity":16,"b:251:58:251:83:251:83:251:Infinity":17}}}
,"D:\\şirket\\e-commerce-web\\src\\lib\\product-utils.ts": {"path":"D:\\şirket\\e-commerce-web\\src\\lib\\product-utils.ts","statementMap":{"0":{"start":{"line":17,"column":2},"end":{"line":17,"column":null}},"1":{"start":{"line":17,"column":55},"end":{"line":17,"column":null}},"2":{"start":{"line":19,"column":8},"end":{"line":19,"column":null}},"3":{"start":{"line":20,"column":2},"end":{"line":20,"column":null}},"4":{"start":{"line":30,"column":2},"end":{"line":30,"column":null}},"5":{"start":{"line":39,"column":2},"end":{"line":39,"column":null}},"6":{"start":{"line":48,"column":2},"end":{"line":48,"column":null}},"7":{"start":{"line":57,"column":2},"end":{"line":57,"column":null}},"8":{"start":{"line":67,"column":2},"end":{"line":67,"column":null}},"9":{"start":{"line":76,"column":2},"end":{"line":76,"column":null}},"10":{"start":{"line":86,"column":2},"end":{"line":86,"column":null}},"11":{"start":{"line":86,"column":20},"end":{"line":86,"column":null}},"12":{"start":{"line":87,"column":2},"end":{"line":87,"column":null}},"13":{"start":{"line":97,"column":2},"end":{"line":99,"column":null}},"14":{"start":{"line":98,"column":4},"end":{"line":98,"column":null}},"15":{"start":{"line":109,"column":2},"end":{"line":109,"column":null}},"16":{"start":{"line":109,"column":43},"end":{"line":109,"column":null}},"17":{"start":{"line":111,"column":21},"end":{"line":111,"column":null}},"18":{"start":{"line":113,"column":2},"end":{"line":117,"column":null}},"19":{"start":{"line":114,"column":4},"end":{"line":116,"column":null}},"20":{"start":{"line":128,"column":2},"end":{"line":130,"column":null}},"21":{"start":{"line":129,"column":4},"end":{"line":129,"column":null}}},"fnMap":{"0":{"name":"calculateDiscount","decl":{"start":{"line":16,"column":16},"end":{"line":16,"column":34}},"loc":{"start":{"line":16,"column":76},"end":{"line":21,"column":null}},"line":16},"1":{"name":"formatPrice","decl":{"start":{"line":29,"column":16},"end":{"line":29,"column":28}},"loc":{"start":{"line":29,"column":68},"end":{"line":31,"column":null}},"line":29},"2":{"name":"hasAvailableVariants","decl":{"start":{"line":38,"column":16},"end":{"line":38,"column":37}},"loc":{"start":{"line":38,"column":64},"end":{"line":40,"column":null}},"line":38},"3":{"name":"getDefaultColor","decl":{"start":{"line":47,"column":16},"end":{"line":47,"column":32}},"loc":{"start":{"line":47,"column":58},"end":{"line":49,"column":null}},"line":47},"4":{"name":"getDefaultSize","decl":{"start":{"line":56,"column":16},"end":{"line":56,"column":31}},"loc":{"start":{"line":56,"column":57},"end":{"line":58,"column":null}},"line":56},"5":{"name":"createVariantKey","decl":{"start":{"line":66,"column":16},"end":{"line":66,"column":33}},"loc":{"start":{"line":66,"column":70},"end":{"line":68,"column":null}},"line":66},"6":{"name":"isInStock","decl":{"start":{"line":75,"column":16},"end":{"line":75,"column":26}},"loc":{"start":{"line":75,"column":53},"end":{"line":77,"column":null}},"line":75},"7":{"name":"filterByStock","decl":{"start":{"line":85,"column":16},"end":{"line":85,"column":30}},"loc":{"start":{"line":85,"column":84},"end":{"line":88,"column":null}},"line":85},"8":{"name":"sortByPrice","decl":{"start":{"line":96,"column":16},"end":{"line":96,"column":28}},"loc":{"start":{"line":96,"column":78},"end":{"line":100,"column":null}},"line":96},"9":{"name":"(anonymous_9)","decl":{"start":{"line":97,"column":28},"end":{"line":97,"column":29}},"loc":{"start":{"line":97,"column":38},"end":{"line":99,"column":3}},"line":97},"10":{"name":"searchProducts","decl":{"start":{"line":108,"column":16},"end":{"line":108,"column":31}},"loc":{"start":{"line":108,"column":78},"end":{"line":118,"column":null}},"line":108},"11":{"name":"(anonymous_11)","decl":{"start":{"line":113,"column":25},"end":{"line":113,"column":null}},"loc":{"start":{"line":114,"column":4},"end":{"line":116,"column":null}},"line":114},"12":{"name":"calculateCartTotal","decl":{"start":{"line":125,"column":16},"end":{"line":125,"column":null}},"loc":{"start":{"line":127,"column":10},"end":{"line":131,"column":null}},"line":127},"13":{"name":"(anonymous_13)","decl":{"start":{"line":128,"column":22},"end":{"line":128,"column":23}},"loc":{"start":{"line":128,"column":39},"end":{"line":130,"column":5}},"line":128}},"branchMap":{"0":{"loc":{"start":{"line":17,"column":2},"end":{"line":17,"column":null}},"type":"if","locations":[{"start":{"line":17,"column":2},"end":{"line":17,"column":null}},{"start":{},"end":{}}],"line":17},"1":{"loc":{"start":{"line":17,"column":6},"end":{"line":17,"column":55}},"type":"binary-expr","locations":[{"start":{"line":17,"column":6},"end":{"line":17,"column":19}},{"start":{"line":17,"column":19},"end":{"line":17,"column":36}},{"start":{"line":17,"column":36},"end":{"line":17,"column":55}}],"line":17},"2":{"loc":{"start":{"line":29,"column":44},"end":{"line":29,"column":68}},"type":"default-arg","locations":[{"start":{"line":29,"column":55},"end":{"line":29,"column":68}}],"line":29},"3":{"loc":{"start":{"line":39,"column":9},"end":{"line":39,"column":null}},"type":"binary-expr","locations":[{"start":{"line":39,"column":9},"end":{"line":39,"column":38}},{"start":{"line":39,"column":38},"end":{"line":39,"column":null}}],"line":39},"4":{"loc":{"start":{"line":48,"column":9},"end":{"line":48,"column":null}},"type":"cond-expr","locations":[{"start":{"line":48,"column":37},"end":{"line":48,"column":57}},{"start":{"line":48,"column":57},"end":{"line":48,"column":null}}],"line":48},"5":{"loc":{"start":{"line":57,"column":9},"end":{"line":57,"column":null}},"type":"cond-expr","locations":[{"start":{"line":57,"column":36},"end":{"line":57,"column":55}},{"start":{"line":57,"column":55},"end":{"line":57,"column":null}}],"line":57},"6":{"loc":{"start":{"line":86,"column":2},"end":{"line":86,"column":null}},"type":"if","locations":[{"start":{"line":86,"column":2},"end":{"line":86,"column":null}},{"start":{},"end":{}}],"line":86},"7":{"loc":{"start":{"line":96,"column":49},"end":{"line":96,"column":78}},"type":"default-arg","locations":[{"start":{"line":96,"column":61},"end":{"line":96,"column":78}}],"line":96},"8":{"loc":{"start":{"line":98,"column":11},"end":{"line":98,"column":null}},"type":"cond-expr","locations":[{"start":{"line":98,"column":23},"end":{"line":98,"column":43}},{"start":{"line":98,"column":43},"end":{"line":98,"column":null}}],"line":98},"9":{"loc":{"start":{"line":109,"column":2},"end":{"line":109,"column":null}},"type":"if","locations":[{"start":{"line":109,"column":2},"end":{"line":109,"column":null}},{"start":{},"end":{}}],"line":109},"10":{"loc":{"start":{"line":109,"column":6},"end":{"line":109,"column":43}},"type":"binary-expr","locations":[{"start":{"line":109,"column":6},"end":{"line":109,"column":16}},{"start":{"line":109,"column":16},"end":{"line":109,"column":43}}],"line":109},"11":{"loc":{"start":{"line":114,"column":4},"end":{"line":116,"column":null}},"type":"binary-expr","locations":[{"start":{"line":114,"column":4},"end":{"line":114,"column":null}},{"start":{"line":115,"column":4},"end":{"line":115,"column":null}},{"start":{"line":116,"column":4},"end":{"line":116,"column":null}}],"line":114}},"s":{"0":4,"1":0,"2":4,"3":4,"4":0,"5":8,"6":0,"7":0,"8":0,"9":0,"10":0,"11":0,"12":0,"13":0,"14":0,"15":0,"16":0,"17":0,"18":0,"19":0,"20":0,"21":0},"f":{"0":4,"1":0,"2":8,"3":0,"4":0,"5":0,"6":0,"7":0,"8":0,"9":0,"10":0,"11":0,"12":0,"13":0},"b":{"0":[0,4],"1":[4,4,4],"2":[0],"3":[8,8],"4":[0,0],"5":[0,0],"6":[0,0],"7":[0],"8":[0,0],"9":[0,0],"10":[0,0],"11":[0,0,0]},"meta":{"lastBranch":12,"lastFunction":14,"lastStatement":22,"seen":{"f:16:16:16:34":0,"b:17:2:17:Infinity:undefined:undefined:undefined:undefined":0,"s:17:2:17:Infinity":0,"b:17:6:17:19:17:19:17:36:17:36:17:55":1,"s:17:55:17:Infinity":1,"s:19:8:19:Infinity":2,"s:20:2:20:Infinity":3,"f:29:16:29:28":1,"b:29:55:29:68":2,"s:30:2:30:Infinity":4,"f:38:16:38:37":2,"s:39:2:39:Infinity":5,"b:39:9:39:38:39:38:39:Infinity":3,"f:47:16:47:32":3,"s:48:2:48:Infinity":6,"b:48:37:48:57:48:57:48:Infinity":4,"f:56:16:56:31":4,"s:57:2:57:Infinity":7,"b:57:36:57:55:57:55:57:Infinity":5,"f:66:16:66:33":5,"s:67:2:67:Infinity":8,"f:75:16:75:26":6,"s:76:2:76:Infinity":9,"f:85:16:85:30":7,"b:86:2:86:Infinity:undefined:undefined:undefined:undefined":6,"s:86:2:86:Infinity":10,"s:86:20:86:Infinity":11,"s:87:2:87:Infinity":12,"f:96:16:96:28":8,"b:96:61:96:78":7,"s:97:2:99:Infinity":13,"f:97:28:97:29":9,"s:98:4:98:Infinity":14,"b:98:23:98:43:98:43:98:Infinity":8,"f:108:16:108:31":10,"b:109:2:109:Infinity:undefined:undefined:undefined:undefined":9,"s:109:2:109:Infinity":15,"b:109:6:109:16:109:16:109:43":10,"s:109:43:109:Infinity":16,"s:111:21:111:Infinity":17,"s:113:2:117:Infinity":18,"f:113:25:113:Infinity":11,"s:114:4:116:Infinity":19,"b:114:4:114:Infinity:115:4:115:Infinity:116:4:116:Infinity":11,"f:125:16:125:Infinity":12,"s:128:2:130:Infinity":20,"f:128:22:128:23":13,"s:129:4:129:Infinity":21}}}
,"D:\\şirket\\e-commerce-web\\src\\stores\\cartStore.ts": {"path":"D:\\şirket\\e-commerce-web\\src\\stores\\cartStore.ts","statementMap":{"0":{"start":{"line":17,"column":13},"end":{"line":110,"column":null}},"1":{"start":{"line":19,"column":19},"end":{"line":107,"column":null}},"2":{"start":{"line":23,"column":8},"end":{"line":54,"column":null}},"3":{"start":{"line":24,"column":27},"end":{"line":26,"column":null}},"4":{"start":{"line":25,"column":19},"end":{"line":25,"column":null}},"5":{"start":{"line":27,"column":10},"end":{"line":31,"column":null}},"6":{"start":{"line":28,"column":12},"end":{"line":28,"column":null}},"7":{"start":{"line":30,"column":12},"end":{"line":30,"column":null}},"8":{"start":{"line":30,"column":28},"end":{"line":30,"column":82}},"9":{"start":{"line":33,"column":10},"end":{"line":33,"column":null}},"10":{"start":{"line":36,"column":10},"end":{"line":50,"column":null}},"11":{"start":{"line":37,"column":30},"end":{"line":41,"column":null}},"12":{"start":{"line":38,"column":14},"end":{"line":40,"column":null}},"13":{"start":{"line":39,"column":16},"end":{"line":39,"column":null}},"14":{"start":{"line":44,"column":12},"end":{"line":44,"column":null}},"15":{"start":{"line":44,"column":25},"end":{"line":44,"column":null}},"16":{"start":{"line":47,"column":12},"end":{"line":49,"column":null}},"17":{"start":{"line":48,"column":14},"end":{"line":48,"column":null}},"18":{"start":{"line":52,"column":10},"end":{"line":52,"column":null}},"19":{"start":{"line":53,"column":10},"end":{"line":53,"column":null}},"20":{"start":{"line":56,"column":32},"end":{"line":56,"column":null}},"21":{"start":{"line":58,"column":8},"end":{"line":64,"column":null}},"22":{"start":{"line":59,"column":10},"end":{"line":61,"column":null}},"23":{"start":{"line":59,"column":26},"end":{"line":61,"column":12}},"24":{"start":{"line":60,"column":45},"end":{"line":60,"column":104}},"25":{"start":{"line":63,"column":10},"end":{"line":63,"column":null}},"26":{"start":{"line":67,"column":8},"end":{"line":79,"column":null}},"27":{"start":{"line":68,"column":10},"end":{"line":71,"column":null}},"28":{"start":{"line":69,"column":12},"end":{"line":69,"column":null}},"29":{"start":{"line":70,"column":12},"end":{"line":70,"column":null}},"30":{"start":{"line":72,"column":10},"end":{"line":76,"column":null}},"31":{"start":{"line":72,"column":26},"end":{"line":76,"column":12}},"32":{"start":{"line":74,"column":14},"end":{"line":74,"column":null}},"33":{"start":{"line":78,"column":10},"end":{"line":78,"column":null}},"34":{"start":{"line":82,"column":8},"end":{"line":86,"column":null}},"35":{"start":{"line":83,"column":10},"end":{"line":83,"column":null}},"36":{"start":{"line":85,"column":10},"end":{"line":85,"column":null}},"37":{"start":{"line":89,"column":8},"end":{"line":97,"column":null}},"38":{"start":{"line":90,"column":10},"end":{"line":93,"column":null}},"39":{"start":{"line":91,"column":26},"end":{"line":91,"column":null}},"40":{"start":{"line":92,"column":12},"end":{"line":92,"column":null}},"41":{"start":{"line":95,"column":10},"end":{"line":95,"column":null}},"42":{"start":{"line":96,"column":10},"end":{"line":96,"column":null}},"43":{"start":{"line":100,"column":8},"end":{"line":105,"column":null}},"44":{"start":{"line":101,"column":10},"end":{"line":101,"column":null}},"45":{"start":{"line":101,"column":51},"end":{"line":101,"column":72}},"46":{"start":{"line":103,"column":10},"end":{"line":103,"column":null}},"47":{"start":{"line":104,"column":10},"end":{"line":104,"column":null}}},"fnMap":{"0":{"name":"(anonymous_0)","decl":{"start":{"line":19,"column":4},"end":{"line":19,"column":5}},"loc":{"start":{"line":19,"column":19},"end":{"line":107,"column":null}},"line":19},"1":{"name":"(anonymous_1)","decl":{"start":{"line":22,"column":15},"end":{"line":22,"column":16}},"loc":{"start":{"line":22,"column":25},"end":{"line":55,"column":null}},"line":22},"2":{"name":"(anonymous_2)","decl":{"start":{"line":25,"column":12},"end":{"line":25,"column":13}},"loc":{"start":{"line":25,"column":19},"end":{"line":25,"column":null}},"line":25},"3":{"name":"(anonymous_3)","decl":{"start":{"line":30,"column":16},"end":{"line":30,"column":17}},"loc":{"start":{"line":30,"column":28},"end":{"line":30,"column":82}},"line":30},"4":{"name":"(anonymous_4)","decl":{"start":{"line":37,"column":59},"end":{"line":37,"column":65}},"loc":{"start":{"line":37,"column":65},"end":{"line":41,"column":13}},"line":37},"5":{"name":"(anonymous_5)","decl":{"start":{"line":38,"column":25},"end":{"line":38,"column":31}},"loc":{"start":{"line":38,"column":31},"end":{"line":40,"column":17}},"line":38},"6":{"name":"(anonymous_6)","decl":{"start":{"line":44,"column":19},"end":{"line":44,"column":25}},"loc":{"start":{"line":44,"column":25},"end":{"line":44,"column":null}},"line":44},"7":{"name":"(anonymous_7)","decl":{"start":{"line":47,"column":23},"end":{"line":47,"column":29}},"loc":{"start":{"line":47,"column":29},"end":{"line":49,"column":15}},"line":47},"8":{"name":"(anonymous_8)","decl":{"start":{"line":56,"column":26},"end":{"line":56,"column":32}},"loc":{"start":{"line":56,"column":32},"end":{"line":56,"column":null}},"line":56},"9":{"name":"(anonymous_9)","decl":{"start":{"line":57,"column":18},"end":{"line":57,"column":19}},"loc":{"start":{"line":57,"column":45},"end":{"line":65,"column":null}},"line":57},"10":{"name":"(anonymous_10)","decl":{"start":{"line":59,"column":14},"end":{"line":59,"column":15}},"loc":{"start":{"line":59,"column":26},"end":{"line":61,"column":12}},"line":59},"11":{"name":"(anonymous_11)","decl":{"start":{"line":60,"column":38},"end":{"line":60,"column":39}},"loc":{"start":{"line":60,"column":45},"end":{"line":60,"column":104}},"line":60},"12":{"name":"(anonymous_12)","decl":{"start":{"line":66,"column":22},"end":{"line":66,"column":23}},"loc":{"start":{"line":66,"column":59},"end":{"line":80,"column":null}},"line":66},"13":{"name":"(anonymous_13)","decl":{"start":{"line":72,"column":14},"end":{"line":72,"column":15}},"loc":{"start":{"line":72,"column":26},"end":{"line":76,"column":12}},"line":72},"14":{"name":"(anonymous_14)","decl":{"start":{"line":73,"column":35},"end":{"line":73,"column":36}},"loc":{"start":{"line":74,"column":14},"end":{"line":74,"column":null}},"line":74},"15":{"name":"(anonymous_15)","decl":{"start":{"line":81,"column":17},"end":{"line":81,"column":23}},"loc":{"start":{"line":81,"column":23},"end":{"line":87,"column":null}},"line":81},"16":{"name":"(anonymous_16)","decl":{"start":{"line":88,"column":21},"end":{"line":88,"column":22}},"loc":{"start":{"line":88,"column":42},"end":{"line":98,"column":null}},"line":88},"17":{"name":"(anonymous_17)","decl":{"start":{"line":90,"column":36},"end":{"line":90,"column":37}},"loc":{"start":{"line":90,"column":53},"end":{"line":93,"column":13}},"line":90},"18":{"name":"(anonymous_18)","decl":{"start":{"line":99,"column":21},"end":{"line":99,"column":27}},"loc":{"start":{"line":99,"column":27},"end":{"line":106,"column":null}},"line":99},"19":{"name":"(anonymous_19)","decl":{"start":{"line":101,"column":36},"end":{"line":101,"column":37}},"loc":{"start":{"line":101,"column":51},"end":{"line":101,"column":72}},"line":101}},"branchMap":{"0":{"loc":{"start":{"line":25,"column":19},"end":{"line":25,"column":null}},"type":"binary-expr","locations":[{"start":{"line":25,"column":19},"end":{"line":25,"column":53}},{"start":{"line":25,"column":53},"end":{"line":25,"column":null}}],"line":25},"1":{"loc":{"start":{"line":27,"column":10},"end":{"line":31,"column":null}},"type":"if","locations":[{"start":{"line":27,"column":10},"end":{"line":31,"column":null}},{"start":{"line":29,"column":17},"end":{"line":31,"column":null}}],"line":27},"2":{"loc":{"start":{"line":36,"column":10},"end":{"line":50,"column":null}},"type":"if","locations":[{"start":{"line":36,"column":10},"end":{"line":50,"column":null}},{"start":{"line":45,"column":17},"end":{"line":50,"column":null}}],"line":36},"3":{"loc":{"start":{"line":60,"column":47},"end":{"line":60,"column":104}},"type":"binary-expr","locations":[{"start":{"line":60,"column":47},"end":{"line":60,"column":76}},{"start":{"line":60,"column":76},"end":{"line":60,"column":104}}],"line":60},"4":{"loc":{"start":{"line":68,"column":10},"end":{"line":71,"column":null}},"type":"if","locations":[{"start":{"line":68,"column":10},"end":{"line":71,"column":null}},{"start":{},"end":{}}],"line":68},"5":{"loc":{"start":{"line":74,"column":14},"end":{"line":74,"column":null}},"type":"cond-expr","locations":[{"start":{"line":74,"column":73},"end":{"line":74,"column":94}},{"start":{"line":74,"column":94},"end":{"line":74,"column":null}}],"line":74},"6":{"loc":{"start":{"line":74,"column":14},"end":{"line":74,"column":73}},"type":"binary-expr","locations":[{"start":{"line":74,"column":14},"end":{"line":74,"column":43}},{"start":{"line":74,"column":43},"end":{"line":74,"column":73}}],"line":74}},"s":{"0":2,"1":2,"2":6,"3":6,"4":2,"5":6,"6":2,"7":4,"8":4,"9":6,"10":6,"11":6,"12":0,"13":0,"14":6,"15":0,"16":0,"17":0,"18":0,"19":0,"20":0,"21":1,"22":1,"23":1,"24":1,"25":0,"26":2,"27":2,"28":0,"29":0,"30":2,"31":2,"32":2,"33":0,"34":0,"35":0,"36":0,"37":0,"38":0,"39":0,"40":0,"41":0,"42":0,"43":1,"44":1,"45":1,"46":0,"47":0},"f":{"0":2,"1":6,"2":2,"3":4,"4":0,"5":0,"6":0,"7":0,"8":0,"9":1,"10":1,"11":1,"12":2,"13":2,"14":2,"15":0,"16":0,"17":0,"18":1,"19":1},"b":{"0":[2,2],"1":[2,4],"2":[6,0],"3":[1,1],"4":[0,2],"5":[2,0],"6":[2,2]},"meta":{"lastBranch":7,"lastFunction":20,"lastStatement":48,"seen":{"s:17:13:110:Infinity":0,"f:19:4:19:5":0,"s:19:19:107:Infinity":1,"f:22:15:22:16":1,"s:23:8:54:Infinity":2,"s:24:27:26:Infinity":3,"f:25:12:25:13":2,"s:25:19:25:Infinity":4,"b:25:19:25:53:25:53:25:Infinity":0,"b:27:10:31:Infinity:29:17:31:Infinity":1,"s:27:10:31:Infinity":5,"s:28:12:28:Infinity":6,"s:30:12:30:Infinity":7,"f:30:16:30:17":3,"s:30:28:30:82":8,"s:33:10:33:Infinity":9,"b:36:10:50:Infinity:45:17:50:Infinity":2,"s:36:10:50:Infinity":10,"s:37:30:41:Infinity":11,"f:37:59:37:65":4,"s:38:14:40:Infinity":12,"f:38:25:38:31":5,"s:39:16:39:Infinity":13,"s:44:12:44:Infinity":14,"f:44:19:44:25":6,"s:44:25:44:Infinity":15,"s:47:12:49:Infinity":16,"f:47:23:47:29":7,"s:48:14:48:Infinity":17,"s:52:10:52:Infinity":18,"s:53:10:53:Infinity":19,"f:56:26:56:32":8,"s:56:32:56:Infinity":20,"f:57:18:57:19":9,"s:58:8:64:Infinity":21,"s:59:10:61:Infinity":22,"f:59:14:59:15":10,"s:59:26:61:12":23,"f:60:38:60:39":11,"s:60:45:60:104":24,"b:60:47:60:76:60:76:60:104":3,"s:63:10:63:Infinity":25,"f:66:22:66:23":12,"s:67:8:79:Infinity":26,"b:68:10:71:Infinity:undefined:undefined:undefined:undefined":4,"s:68:10:71:Infinity":27,"s:69:12:69:Infinity":28,"s:70:12:70:Infinity":29,"s:72:10:76:Infinity":30,"f:72:14:72:15":13,"s:72:26:76:12":31,"f:73:35:73:36":14,"s:74:14:74:Infinity":32,"b:74:73:74:94:74:94:74:Infinity":5,"b:74:14:74:43:74:43:74:73":6,"s:78:10:78:Infinity":33,"f:81:17:81:23":15,"s:82:8:86:Infinity":34,"s:83:10:83:Infinity":35,"s:85:10:85:Infinity":36,"f:88:21:88:22":16,"s:89:8:97:Infinity":37,"s:90:10:93:Infinity":38,"f:90:36:90:37":17,"s:91:26:91:Infinity":39,"s:92:12:92:Infinity":40,"s:95:10:95:Infinity":41,"s:96:10:96:Infinity":42,"f:99:21:99:27":18,"s:100:8:105:Infinity":43,"s:101:10:101:Infinity":44,"f:101:36:101:37":19,"s:101:51:101:72":45,"s:103:10:103:Infinity":46,"s:104:10:104:Infinity":47}}}
,"D:\\şirket\\e-commerce-web\\src\\stores\\favoritesStore.ts": {"path":"D:\\şirket\\e-commerce-web\\src\\stores\\favoritesStore.ts","statementMap":{"0":{"start":{"line":12,"column":13},"end":{"line":34,"column":null}},"1":{"start":{"line":14,"column":19},"end":{"line":31,"column":null}},"2":{"start":{"line":17,"column":8},"end":{"line":19,"column":null}},"3":{"start":{"line":18,"column":10},"end":{"line":18,"column":null}},"4":{"start":{"line":18,"column":26},"end":{"line":18,"column":68}},"5":{"start":{"line":22,"column":8},"end":{"line":22,"column":null}},"6":{"start":{"line":22,"column":24},"end":{"line":22,"column":85}},"7":{"start":{"line":22,"column":71},"end":{"line":22,"column":81}},"8":{"start":{"line":23,"column":26},"end":{"line":23,"column":null}},"9":{"start":{"line":25,"column":8},"end":{"line":29,"column":null}},"10":{"start":{"line":26,"column":10},"end":{"line":26,"column":null}},"11":{"start":{"line":28,"column":10},"end":{"line":28,"column":null}}},"fnMap":{"0":{"name":"(anonymous_0)","decl":{"start":{"line":14,"column":4},"end":{"line":14,"column":5}},"loc":{"start":{"line":14,"column":19},"end":{"line":31,"column":null}},"line":14},"1":{"name":"(anonymous_1)","decl":{"start":{"line":16,"column":19},"end":{"line":16,"column":20}},"loc":{"start":{"line":16,"column":27},"end":{"line":20,"column":null}},"line":16},"2":{"name":"(anonymous_2)","decl":{"start":{"line":18,"column":14},"end":{"line":18,"column":15}},"loc":{"start":{"line":18,"column":26},"end":{"line":18,"column":68}},"line":18},"3":{"name":"(anonymous_3)","decl":{"start":{"line":21,"column":22},"end":{"line":21,"column":23}},"loc":{"start":{"line":22,"column":8},"end":{"line":22,"column":null}},"line":22},"4":{"name":"(anonymous_4)","decl":{"start":{"line":22,"column":12},"end":{"line":22,"column":13}},"loc":{"start":{"line":22,"column":24},"end":{"line":22,"column":85}},"line":22},"5":{"name":"(anonymous_5)","decl":{"start":{"line":22,"column":62},"end":{"line":22,"column":63}},"loc":{"start":{"line":22,"column":71},"end":{"line":22,"column":81}},"line":22},"6":{"name":"(anonymous_6)","decl":{"start":{"line":23,"column":18},"end":{"line":23,"column":19}},"loc":{"start":{"line":23,"column":26},"end":{"line":23,"column":null}},"line":23},"7":{"name":"(anonymous_7)","decl":{"start":{"line":24,"column":22},"end":{"line":24,"column":23}},"loc":{"start":{"line":24,"column":30},"end":{"line":30,"column":null}},"line":24}},"branchMap":{"0":{"loc":{"start":{"line":17,"column":8},"end":{"line":19,"column":null}},"type":"if","locations":[{"start":{"line":17,"column":8},"end":{"line":19,"column":null}},{"start":{},"end":{}}],"line":17},"1":{"loc":{"start":{"line":25,"column":8},"end":{"line":29,"column":null}},"type":"if","locations":[{"start":{"line":25,"column":8},"end":{"line":29,"column":null}},{"start":{"line":27,"column":15},"end":{"line":29,"column":null}}],"line":25}},"s":{"0":1,"1":1,"2":0,"3":0,"4":0,"5":0,"6":0,"7":0,"8":12,"9":0,"10":0,"11":0},"f":{"0":1,"1":0,"2":0,"3":0,"4":0,"5":0,"6":12,"7":0},"b":{"0":[0,0],"1":[0,0]},"meta":{"lastBranch":2,"lastFunction":8,"lastStatement":12,"seen":{"s:12:13:34:Infinity":0,"f:14:4:14:5":0,"s:14:19:31:Infinity":1,"f:16:19:16:20":1,"b:17:8:19:Infinity:undefined:undefined:undefined:undefined":0,"s:17:8:19:Infinity":2,"s:18:10:18:Infinity":3,"f:18:14:18:15":2,"s:18:26:18:68":4,"f:21:22:21:23":3,"s:22:8:22:Infinity":5,"f:22:12:22:13":4,"s:22:24:22:85":6,"f:22:62:22:63":5,"s:22:71:22:81":7,"f:23:18:23:19":6,"s:23:26:23:Infinity":8,"f:24:22:24:23":7,"b:25:8:29:Infinity:27:15:29:Infinity":1,"s:25:8:29:Infinity":9,"s:26:10:26:Infinity":10,"s:28:10:28:Infinity":11}}}
}
